{
  "Cucumber Features": {
    "coverage": {
      "/home/ubuntu/workspace/RestaurantFinder/app/models/restaurant.rb": [
        1,
        1,
        1,
        1,
        16,
        null,
        1,
        16,
        null,
        1,
        16,
        null,
        null,
        null
      ],
      "/home/ubuntu/workspace/RestaurantFinder/app/controllers/restaurant_controller.rb": [
        1,
        1,
        null,
        16,
        16,
        16,
        16,
        16,
        null,
        16,
        16,
        16,
        64,
        null,
        16,
        10,
        null,
        16,
        8,
        null,
        null,
        16,
        4,
        4,
        4,
        4,
        null,
        null,
        null,
        null,
        null,
        null,
        12,
        12,
        null,
        null,
        12,
        1,
        11,
        0,
        11,
        0,
        null,
        11,
        null,
        null,
        null,
        null,
        1,
        null,
        2,
        2,
        null,
        2,
        2,
        null,
        null,
        null,
        null,
        null,
        null,
        1,
        null,
        null,
        1,
        0,
        null,
        null,
        1,
        null,
        null,
        1,
        null,
        null,
        1,
        null,
        null,
        null
      ],
      "/home/ubuntu/workspace/RestaurantFinder/app/controllers/application_controller.rb": [
        1,
        null,
        null,
        1,
        null
      ],
      "/home/ubuntu/workspace/RestaurantFinder/app/helpers/application_helper.rb": [
        1,
        null
      ],
      "/home/ubuntu/workspace/RestaurantFinder/app/helpers/restaurant_helper.rb": [
        1,
        1,
        2,
        null,
        null,
        null,
        null
      ],
      "/home/ubuntu/workspace/RestaurantFinder/app/models/review.rb": [
        1,
        1,
        null
      ],
      "/home/ubuntu/workspace/RestaurantFinder/app/models/environment.rb": [
        1,
        1,
        1,
        null
      ],
      "/home/ubuntu/workspace/RestaurantFinder/lib/mytest.rb": [
        0,
        0,
        0,
        0,
        0,
        0,
        0,
        0,
        0,
        0,
        0,
        0,
        0,
        0,
        0,
        0,
        0
      ]
    },
    "timestamp": 1449156219
  },
  "RSpec": {
    "coverage": {
      "/home/ubuntu/workspace/RestaurantFinder/app/helpers/application_helper.rb": [
        1,
        null
      ],
      "/home/ubuntu/workspace/RestaurantFinder/app/helpers/restaurant_helper.rb": [
        1,
        1,
        0,
        null,
        null,
        null,
        null
      ],
      "/home/ubuntu/workspace/RestaurantFinder/app/models/review.rb": [
        1,
        1,
        null
      ],
      "/home/ubuntu/workspace/RestaurantFinder/app/controllers/restaurant_controller.rb": [
        1,
        1,
        null,
        1,
        1,
        1,
        1,
        1,
        null,
        1,
        1,
        1,
        8,
        null,
        1,
        1,
        null,
        1,
        1,
        null,
        null,
        1,
        0,
        0,
        0,
        0,
        null,
        null,
        null,
        null,
        null,
        null,
        1,
        1,
        null,
        null,
        1,
        0,
        1,
        0,
        1,
        0,
        null,
        1,
        null,
        null,
        null,
        null,
        1,
        null,
        0,
        0,
        null,
        0,
        0,
        null,
        null,
        null,
        null,
        null,
        1,
        null,
        null,
        1,
        0,
        null,
        null,
        1,
        null,
        null,
        1,
        null,
        null,
        1,
        null,
        null,
        null
      ],
      "/home/ubuntu/workspace/RestaurantFinder/app/controllers/application_controller.rb": [
        1,
        null,
        null,
        1,
        null
      ],
      "/home/ubuntu/workspace/RestaurantFinder/app/models/restaurant.rb": [
        1,
        1,
        1,
        1,
        1,
        null,
        1,
        1,
        null,
        1,
        1,
        null,
        null,
        null
      ],
      "/home/ubuntu/workspace/RestaurantFinder/app/models/environment.rb": [
        1,
        1,
        1,
        null
      ],
      "/home/ubuntu/workspace/RestaurantFinder/lib/mytest.rb": [
        0,
        0,
        0,
        0,
        0,
        0,
        0,
        0,
        0,
        0,
        0,
        0,
        0,
        0,
        0,
        0,
        0
      ]
    },
    "timestamp": 1448929147
  }
}
