{
  "Cucumber Features": {
    "coverage": {
      "/home/ubuntu/workspace/RestaurantFinder/app/models/restaurant.rb": [
        1,
        1,
        1,
        1,
        15,
        null,
        1,
        15,
        null,
        1,
        15,
        null,
        null,
        null
      ],
      "/home/ubuntu/workspace/RestaurantFinder/app/models/environment.rb": [
        1,
        1,
        1,
        null
      ],
      "/home/ubuntu/workspace/RestaurantFinder/app/controllers/restaurant_controller.rb": [
        1,
        1,
        null,
        15,
        15,
        15,
        15,
        15,
        null,
        15,
        15,
        15,
        56,
        null,
        15,
        9,
        null,
        15,
        7,
        null,
        null,
        15,
        4,
        4,
        4,
        4,
        null,
        null,
        null,
        null,
        null,
        null,
        11,
        11,
        null,
        null,
        11,
        1,
        10,
        0,
        10,
        0,
        null,
        10,
        null,
        null,
        null,
        null,
        1,
        null,
        0,
        0,
        null,
        0,
        0,
        null,
        null,
        null,
        null,
        null,
        1,
        null,
        null,
        1,
        0,
        null,
        null,
        1,
        null,
        null,
        1,
        null,
        null,
        1,
        null,
        null,
        null
      ],
      "/home/ubuntu/workspace/RestaurantFinder/app/controllers/application_controller.rb": [
        1,
        null,
        null,
        1,
        null
      ],
      "/home/ubuntu/workspace/RestaurantFinder/app/helpers/application_helper.rb": [
        1,
        null
      ],
      "/home/ubuntu/workspace/RestaurantFinder/app/helpers/restaurant_helper.rb": [
        1,
        1,
        0,
        null,
        null,
        null,
        null
      ],
      "/home/ubuntu/workspace/RestaurantFinder/app/models/review.rb": [
        0,
        0,
        0
      ],
      "/home/ubuntu/workspace/RestaurantFinder/lib/mytest.rb": [
        0,
        0,
        0,
        0,
        0,
        0,
        0,
        0,
        0,
        0,
        0,
        0,
        0,
        0,
        0,
        0,
        0
      ]
    },
    "timestamp": 1448928941
  },
  "RSpec": {
    "coverage": {
      "/home/ubuntu/workspace/RestaurantFinder/app/helpers/application_helper.rb": [
        1,
        null
      ],
      "/home/ubuntu/workspace/RestaurantFinder/app/helpers/restaurant_helper.rb": [
        1,
        1,
        0,
        null,
        null,
        null,
        null
      ],
      "/home/ubuntu/workspace/RestaurantFinder/app/models/review.rb": [
        1,
        1,
        null
      ],
      "/home/ubuntu/workspace/RestaurantFinder/app/controllers/restaurant_controller.rb": [
        1,
        1,
        null,
        1,
        1,
        1,
        1,
        1,
        null,
        1,
        1,
        1,
        8,
        null,
        1,
        1,
        null,
        1,
        1,
        null,
        null,
        1,
        0,
        0,
        0,
        0,
        null,
        null,
        null,
        null,
        null,
        null,
        1,
        1,
        null,
        null,
        1,
        0,
        1,
        0,
        1,
        0,
        null,
        1,
        null,
        null,
        null,
        null,
        1,
        null,
        0,
        0,
        null,
        0,
        0,
        null,
        null,
        null,
        null,
        null,
        1,
        null,
        null,
        1,
        0,
        null,
        null,
        1,
        null,
        null,
        1,
        null,
        null,
        1,
        null,
        null,
        null
      ],
      "/home/ubuntu/workspace/RestaurantFinder/app/controllers/application_controller.rb": [
        1,
        null,
        null,
        1,
        null
      ],
      "/home/ubuntu/workspace/RestaurantFinder/app/models/restaurant.rb": [
        1,
        1,
        1,
        1,
        1,
        null,
        1,
        1,
        null,
        1,
        1,
        null,
        null,
        null
      ],
      "/home/ubuntu/workspace/RestaurantFinder/app/models/environment.rb": [
        1,
        1,
        1,
        null
      ],
      "/home/ubuntu/workspace/RestaurantFinder/lib/mytest.rb": [
        0,
        0,
        0,
        0,
        0,
        0,
        0,
        0,
        0,
        0,
        0,
        0,
        0,
        0,
        0,
        0,
        0
      ]
    },
    "timestamp": 1448929147
  }
}
